This is XeTeX, Version 3.141592653-2.6-0.999994 (TeX Live 2022) (preloaded format=xelatex 2022.4.7)  18 DEC 2022 10:34
entering extended mode
 restricted \write18 enabled.
 file:line:error style messages enabled.
 %&-line parsing enabled.
**zjuthesis
(./zjuthesis.tex
LaTeX2e <2021-11-15> patch level 1
L3 programming layer <2022-02-24> (./zjuthesis.cls
Document Class: zjuthesis Zhejiang University Thesis and Design Template, Zixuan Wang zxwang42@gmail.com
(./config/version.tex)
zjuthesis version: 9.0.0
 (/Users/windy/Library/TinyTeX/texmf-dist/tex/latex/kvoptions/kvoptions.sty
Package: kvoptions 2020-10-07 v3.14 Key value format for package options (HO)
 (/Users/windy/Library/TinyTeX/texmf-dist/tex/latex/graphics/keyval.sty
Package: keyval 2014/10/28 v1.15 key=value parser (DPC)
\KV@toks@=\toks16
) (/Users/windy/Library/TinyTeX/texmf-dist/tex/generic/ltxcmds/ltxcmds.sty
Package: ltxcmds 2020-05-10 v1.25 LaTeX kernel commands for general use (HO)
) (/Users/windy/Library/TinyTeX/texmf-dist/tex/generic/kvsetkeys/kvsetkeys.sty
Package: kvsetkeys 2019/12/15 v1.18 Key value parser (HO)
))
Degree: {undergraduate}
MajorFormat: {general}
Type: {design}
Period: {final}
BlindReview: {false}
Language: {chinese}
GradLevel: {master}
PrintFilePath: {false}


! LaTeX Error: File `xifthen.sty' not found.

Type X to quit or <RETURN> to proceed,
or enter new name. (Default extension: sty)

Enter file name: 
./zjuthesis.cls:49: Emergency stop.
<read *> 
         
l.49 ^^M
        
*** (cannot \read from terminal in nonstop modes)

 
Here is how much of TeX's memory you used:
 480 strings out of 478178
 8782 string characters out of 5853614
 304239 words of memory out of 5000000
 21176 multiletter control sequences out of 15000+600000
 469259 words of font info for 28 fonts, out of 8000000 for 9000
 14 hyphenation exceptions out of 8191
 55i,0n,62p,138b,17s stack positions out of 10000i,1000n,20000p,200000b,200000s
No pages of output.
